<?xml version="1.0" encoding="UTF-8"?>
<!-- Generated by org.testng.reporters.JUnitReportReporter -->
<testsuite hostname="DTBLR01LP237" failures="0" tests="1" name="internet.KeyPresses" time="25.485" errors="0" timestamp="2023-04-05T18:11:39 IST" skipped="0">
  <testcase classname="internet.KeyPresses" name="key" time="25.485"/>
  <system-out/>
</testsuite> <!-- internet.KeyPresses -->
