<?xml version="1.0" encoding="UTF-8"?>
<!-- Generated by org.testng.reporters.JUnitReportReporter -->
<testsuite hostname="DTBLR01LP237" failures="0" tests="1" name="internet.alerts" time="22.935" errors="0" timestamp="2023-04-03T10:42:44 IST" skipped="0">
  <testcase classname="internet.alerts" name="alerts" time="22.935"/>
  <system-out/>
</testsuite> <!-- internet.alerts -->
