<?xml version="1.0" encoding="UTF-8"?>
<!-- Generated by org.testng.reporters.JUnitReportReporter -->
<testsuite hostname="DTBLR01LP237" failures="0" tests="1" name="internet.Basicauth" time="5.187" errors="0" timestamp="2023-04-04T15:11:45 IST" skipped="0">
  <testcase classname="internet.Basicauth" name="adc" time="5.187"/>
  <system-out/>
</testsuite> <!-- internet.Basicauth -->
