<?xml version="1.0" encoding="UTF-8"?>
<!-- Generated by org.testng.reporters.JUnitReportReporter -->
<testsuite hostname="DTBLR01LP237" failures="0" tests="1" name="internet.countcourse" time="19.253" errors="0" timestamp="2023-04-05T18:12:17 IST" skipped="0">
  <testcase classname="internet.countcourse" name="count" time="19.253"/>
  <system-out/>
</testsuite> <!-- internet.countcourse -->
