<?xml version="1.0" encoding="UTF-8"?>
<!-- Generated by org.testng.reporters.JUnitReportReporter -->
<testsuite hostname="DTBLR01LP237" failures="0" tests="1" name="internet.BrokenImages" time="11.556" errors="0" timestamp="2023-04-04T15:13:09 IST" skipped="0">
  <testcase classname="internet.BrokenImages" name="brokeimg" time="11.556"/>
  <system-out/>
</testsuite> <!-- internet.BrokenImages -->
