<?xml version="1.0" encoding="UTF-8"?>
<!-- Generated by org.testng.reporters.JUnitReportReporter -->
<testsuite hostname="DTBLR01LP237" failures="0" tests="1" name="internet.SearchCount" time="14.485" errors="0" timestamp="2023-04-05T17:16:06 IST" skipped="0">
  <testcase classname="internet.SearchCount" name="count" time="14.485"/>
  <system-out/>
</testsuite> <!-- internet.SearchCount -->
