<?xml version="1.0" encoding="UTF-8"?>
<!-- Generated by org.testng.reporters.JUnitReportReporter -->
<testsuite hostname="DTBLR01LP237" failures="0" tests="1" name="internet.Fixedheader" time="18.325" errors="0" timestamp="2023-04-06T12:25:49 IST" skipped="0">
  <testcase classname="internet.Fixedheader" name="brokelinks" time="18.325"/>
  <system-out/>
</testsuite> <!-- internet.Fixedheader -->
