<?xml version="1.0" encoding="UTF-8"?>
<!-- Generated by org.testng.reporters.JUnitReportReporter -->
<testsuite hostname="DTBLR01LP237" failures="0" tests="1" name="internet.Fixedheaderelement" time="42.603" errors="0" timestamp="2023-04-06T10:47:19 IST" skipped="0">
  <testcase classname="internet.Fixedheaderelement" name="brokelinks" time="42.603"/>
  <system-out/>
</testsuite> <!-- internet.Fixedheaderelement -->
