<?xml version="1.0" encoding="UTF-8"?>
<!-- Generated by org.testng.reporters.JUnitReportReporter -->
<testsuite hostname="DTBLR01LP237" failures="0" tests="1" name="internet.draganddrop" time="24.040" errors="0" timestamp="2023-04-03T14:46:16 IST" skipped="0">
  <testcase classname="internet.draganddrop" name="dd" time="24.040"/>
  <system-out/>
</testsuite> <!-- internet.draganddrop -->
