<?xml version="1.0" encoding="UTF-8"?>
<!-- Generated by org.testng.reporters.JUnitReportReporter -->
<testsuite hostname="DTBLR01LP237" failures="0" tests="3" name="internet.FileDownload" time="20.403" errors="0" timestamp="2023-04-05T13:03:56 IST" skipped="0">
  <testcase classname="internet.FileDownload" name="openBrowser" time="6.463"/>
  <system-out/>
  <testcase classname="internet.FileDownload" name="scrolldown" time="6.383"/>
  <system-out/>
  <testcase classname="internet.FileDownload" name="download" time="7.557"/>
  <system-out/>
</testsuite> <!-- internet.FileDownload -->
