<?xml version="1.0" encoding="UTF-8"?>
<!-- Generated by org.testng.reporters.JUnitReportReporter -->
<testsuite hostname="DTBLR01LP237" failures="0" tests="1" name="internet.FileUpload" time="28.237" errors="0" timestamp="2023-04-04T15:19:47 IST" skipped="0">
  <testcase classname="internet.FileUpload" name="upload" time="28.237"/>
  <system-out/>
</testsuite> <!-- internet.FileUpload -->
