<?xml version="1.0" encoding="UTF-8"?>
<!-- Generated by org.testng.reporters.JUnitReportReporter -->
<testsuite hostname="DTBLR01LP237" failures="0" tests="3" name="internet.WebHandle" time="5.728" errors="0" timestamp="2023-04-06T12:21:47 IST" skipped="0">
  <testcase classname="internet.WebHandle" name="tc1" time="4.539"/>
  <system-out/>
  <testcase classname="internet.WebHandle" name="tc2" time="1.020"/>
  <system-out/>
  <testcase classname="internet.WebHandle" name="tc3" time="0.169"/>
  <system-out/>
</testsuite> <!-- internet.WebHandle -->
