<?xml version="1.0" encoding="UTF-8"?>
<!-- Generated by org.testng.reporters.JUnitReportReporter -->
<testsuite hostname="DTBLR01LP237" failures="0" tests="1" name="internet.screenshot" time="11.442" errors="0" timestamp="2023-04-04T15:21:35 IST" skipped="0">
  <testcase classname="internet.screenshot" name="ss" time="11.442"/>
  <system-out/>
</testsuite> <!-- internet.screenshot -->
