<?xml version="1.0" encoding="UTF-8"?>
<!-- Generated by org.testng.reporters.JUnitReportReporter -->
<testsuite hostname="DTBLR01LP237" failures="0" tests="2" name="internet.ALogRadioDrop" time="125.712" errors="0" timestamp="2023-04-02T09:26:03 IST" skipped="0">
  <testcase classname="internet.ALogRadioDrop" name="dropdown" time="102.696"/>
  <system-out/>
  <testcase classname="internet.ALogRadioDrop" name="Verifytitle" time="23.016"/>
  <system-out/>
</testsuite> <!-- internet.ALogRadioDrop -->
