<?xml version="1.0" encoding="UTF-8"?>
<!-- Generated by org.testng.reporters.JUnitReportReporter -->
<testsuite hostname="DTBLR01LP237" failures="0" tests="1" name="internet.Brokenlinks" time="44.318" errors="0" timestamp="2023-04-04T15:14:45 IST" skipped="0">
  <testcase classname="internet.Brokenlinks" name="brokelinks" time="44.318"/>
  <system-out/>
</testsuite> <!-- internet.Brokenlinks -->
