<?xml version="1.0" encoding="UTF-8"?>
<!-- Generated by org.testng.reporters.JUnitReportReporter -->
<testsuite hostname="DTBLR01LP237" failures="0" tests="1" name="internet.Annotations" time="0.008" errors="0" timestamp="2023-04-04T14:36:52 IST" skipped="0">
  <testcase classname="internet.Annotations" name="test" time="0.008"/>
  <system-out/>
</testsuite> <!-- internet.Annotations -->
