<?xml version="1.0" encoding="UTF-8"?>
<!-- Generated by org.testng.reporters.JUnitReportReporter -->
<testsuite hostname="DTBLR01LP237" failures="0" tests="1" name="TestNG1.TestNG1.Practice1" time="6.892" errors="0" timestamp="2023-03-29T14:54:55 IST" skipped="0">
  <testcase classname="TestNG1.TestNG1.Practice1" name="loginUrl" time="6.892"/>
  <system-out/>
</testsuite> <!-- TestNG1.TestNG1.Practice1 -->
