<?xml version="1.0" encoding="UTF-8"?>
<!-- Generated by org.testng.reporters.JUnitReportReporter -->
<testsuite hostname="DTBLR01LP237" failures="0" tests="2" name="internet.HorizontalSlider" time="8.654" errors="0" timestamp="2023-04-04T11:34:30 IST" skipped="0">
  <testcase classname="internet.HorizontalSlider" name="openBrowser" time="6.475"/>
  <system-out/>
  <testcase classname="internet.HorizontalSlider" name="slider" time="2.179"/>
  <system-out/>
</testsuite> <!-- internet.HorizontalSlider -->
