<?xml version="1.0" encoding="UTF-8"?>
<!-- Generated by org.testng.reporters.JUnitReportReporter -->
<testsuite hostname="DTBLR01LP237" failures="0" tests="1" name="internet.verticalandhorizonscroll" time="10.794" errors="0" timestamp="2023-04-03T18:32:03 IST" skipped="0">
  <testcase classname="internet.verticalandhorizonscroll" name="vhs" time="10.794"/>
  <system-out/>
</testsuite> <!-- internet.verticalandhorizonscroll -->
