<?xml version="1.0" encoding="UTF-8"?>
<!-- Generated by org.testng.reporters.JUnitReportReporter -->
<testsuite hostname="DTBLR01LP237" failures="0" tests="1" name="internet.ALogin" time="47.795" errors="0" timestamp="2023-03-31T16:32:05 IST" skipped="0">
  <testcase classname="internet.ALogin" name="brokeimg" time="47.795"/>
  <system-out/>
</testsuite> <!-- internet.ALogin -->
